<?xml version="1.0" encoding="UTF-8"?>
<!-- Generated by org.testng.reporters.JUnitReportReporter -->
<testsuite skipped="0" hostname="DESKTOP-3RCSMBT" name="com.app.runners.API_Runner" tests="1" failures="0" timestamp="28 Apr 2018 19:45:26 GMT" time="16.044" errors="0">
  <testcase name="runScenario" time="16.044" classname="com.app.runners.API_Runner"/>
</testsuite> <!-- com.app.runners.API_Runner -->
