<?xml version="1.0" encoding="UTF-8"?>
<!-- Generated by org.testng.reporters.JUnitReportReporter -->
<testsuite skipped="0" hostname="DESKTOP-3RCSMBT" name="com.app.tests.EmployeesDbTest" tests="2" failures="0" timestamp="14 Apr 2018 21:39:09 GMT" time="1.076" errors="0">
  <testcase name="countTest" time="0.720" classname="com.app.tests.EmployeesDbTest"/>
  <testcase name="nameTestByID" time="0.356" classname="com.app.tests.EmployeesDbTest"/>
</testsuite> <!-- com.app.tests.EmployeesDbTest -->
