<?xml version="1.0" encoding="UTF-8"?>
<!-- Generated by org.testng.reporters.JUnitReportReporter -->
<testsuite skipped="0" hostname="DESKTOP-3RCSMBT" name="com.app.tests.ApiDay3_JsonPath" tests="1" failures="0" timestamp="21 Apr 2018 20:29:21 GMT" time="3.167" errors="0">
  <testcase name="testWithJsonPathCollection" time="3.167" classname="com.app.tests.ApiDay3_JsonPath"/>
</testsuite> <!-- com.app.tests.ApiDay3_JsonPath -->
