<?xml version="1.0" encoding="UTF-8"?>
<!-- Generated by org.testng.reporters.JUnitReportReporter -->
<testsuite skipped="0" hostname="DESKTOP-3RCSMBT" name="com.app.APIpractice.API01" tests="1" failures="0" timestamp="24 Apr 2018 22:01:40 GMT" time="3.282" errors="0">
  <testcase name="practice02" time="3.282" classname="com.app.APIpractice.API01"/>
</testsuite> <!-- com.app.APIpractice.API01 -->
