<?xml version="1.0" encoding="UTF-8"?>
<!-- Generated by org.testng.reporters.JUnitReportReporter -->
<testsuite skipped="0" hostname="DESKTOP-3RCSMBT" name="com.app.tests.APIDay3_GSON" tests="1" failures="0" timestamp="21 Apr 2018 21:08:22 GMT" time="2.044" errors="0">
  <testcase name="convertJsonToListofMaps" time="2.044" classname="com.app.tests.APIDay3_GSON"/>
</testsuite> <!-- com.app.tests.APIDay3_GSON -->
