<?xml version="1.0" encoding="UTF-8"?>
<!-- Generated by org.testng.reporters.JUnitReportReporter -->
<testsuite skipped="0" hostname="DESKTOP-3RCSMBT" name="com.app.tests.APIDay4" tests="1" failures="0" timestamp="22 Apr 2018 15:55:41 GMT" time="2.687" errors="0">
  <testcase name="wormUp2" time="2.687" classname="com.app.tests.APIDay4"/>
</testsuite> <!-- com.app.tests.APIDay4 -->
