<?xml version="1.0" encoding="UTF-8"?>
<!-- Generated by org.testng.reporters.JUnitReportReporter -->
<testsuite skipped="0" hostname="DESKTOP-3RCSMBT" name="com.app.runners.API_Runner" tests="5" failures="0" timestamp="25 Apr 2018 17:11:55 GMT" time="3.103" errors="0">
  <testcase name="runScenario" time="0.309" classname="com.app.runners.API_Runner"/>
  <testcase name="runScenario" time="1.931" classname="com.app.runners.API_Runner"/>
  <testcase name="runScenario" time="0.289" classname="com.app.runners.API_Runner"/>
  <testcase name="runScenario" time="0.286" classname="com.app.runners.API_Runner"/>
  <testcase name="runScenario" time="0.288" classname="com.app.runners.API_Runner"/>
</testsuite> <!-- com.app.runners.API_Runner -->
