<?xml version="1.0" encoding="UTF-8"?>
<!-- Generated by org.testng.reporters.JUnitReportReporter -->
<testsuite skipped="0" hostname="DESKTOP-3RCSMBT" name="com.app.tests.JDBCWithLog4j" tests="1" failures="0" timestamp="03 May 2018 02:03:03 GMT" time="21.163" errors="0">
  <testcase name="getRecordsCount" time="21.163" classname="com.app.tests.JDBCWithLog4j"/>
</testsuite> <!-- com.app.tests.JDBCWithLog4j -->
