<?xml version="1.0" encoding="UTF-8"?>
<!-- Generated by org.testng.reporters.JUnitReportReporter -->
<testsuite skipped="0" hostname="DESKTOP-3RCSMBT" name="com.app.tests.selfPractice.API01" tests="1" failures="0" timestamp="24 Apr 2018 23:09:22 GMT" time="2.832" errors="0">
  <testcase name="practice04" time="2.832" classname="com.app.tests.selfPractice.API01"/>
</testsuite> <!-- com.app.tests.selfPractice.API01 -->
