<?xml version="1.0" encoding="UTF-8"?>
<!-- Generated by org.testng.reporters.JUnitReportReporter -->
<testsuite skipped="0" hostname="DESKTOP-3RCSMBT" name="com.app.tests.SeleniumGridDemo" tests="1" failures="0" timestamp="29 Apr 2018 21:02:31 GMT" time="7.250" errors="0">
  <testcase name="testGoogle" time="7.250" classname="com.app.tests.SeleniumGridDemo"/>
</testsuite> <!-- com.app.tests.SeleniumGridDemo -->
