<?xml version="1.0" encoding="UTF-8"?>
<!-- Generated by org.testng.reporters.JUnitReportReporter -->
<testsuite skipped="1" hostname="DESKTOP-3RCSMBT" name="com.app.tests.JDBCConnection" tests="2" failures="0" timestamp="14 Apr 2018 19:58:20 GMT" time="0.661" errors="0">
  <testcase name="jdbcMetadata" time="0.661" classname="com.app.tests.JDBCConnection"/>
  <testcase name="oracleJDBC" classname="com.app.tests.JDBCConnection">
    <skipped/>
  </testcase> <!-- oracleJDBC -->
</testsuite> <!-- com.app.tests.JDBCConnection -->
